.next/types/app/api/auth/[...nextauth]/route.ts(12,13): error TS2344: Type 'OmitWithTag<typeof import("/Users/md.rofazhasanrafiu/coding/digital_school/digital_school/app/api/auth/[...nextauth]/route"), "DELETE" | "POST" | "GET" | "PATCH" | "dynamic" | "PUT" | ... 9 more ... | "OPTIONS", "">' does not satisfy the constraint '{ [x: string]: never; }'.
  Property 'authOptions' is incompatible with index signature.
    Type 'AuthOptions' is not assignable to type 'never'.
.next/types/app/api/print/exam/[id]/route.ts(49,7): error TS2344: Type '{ __tag__: "GET"; __param_position__: "second"; __param_type__: { params: { id: string; }; }; }' does not satisfy the constraint 'ParamCheck<RouteContext>'.
  The types of '__param_type__.params' are incompatible between these types.
    Type '{ id: string; }' is missing the following properties from type 'Promise<any>': then, catch, finally, [Symbol.toStringTag]
.next/types/app/api/verify/[qrHash]/route.ts(49,7): error TS2344: Type '{ __tag__: "GET"; __param_position__: "second"; __param_type__: { params: { qrHash: string; }; }; }' does not satisfy the constraint 'ParamCheck<RouteContext>'.
  The types of '__param_type__.params' are incompatible between these types.
    Type '{ qrHash: string; }' is missing the following properties from type 'Promise<any>': then, catch, finally, [Symbol.toStringTag]
.next/types/validator.ts(855,31): error TS2344: Type 'typeof import("/Users/md.rofazhasanrafiu/coding/digital_school/digital_school/app/api/print/exam/[id]/route")' does not satisfy the constraint 'RouteHandlerConfig<"/api/print/exam/[id]">'.
  Types of property 'GET' are incompatible.
    Type '(request: NextRequest, context: { params: { id: string; }; }) => Promise<NextResponse<{ error: string; }> | NextResponse<{ examInfo: { id: string; title: string; subject: string; ... 11 more ...; cqSubsections: string | ... 4 more ... | null; }; sets: { ...; }[]; }>>' is not assignable to type '(request: NextRequest, context: { params: Promise<{ id: string; }>; }) => void | Response | Promise<void | Response>'.
      Types of parameters 'context' and 'context' are incompatible.
        Type '{ params: Promise<{ id: string; }>; }' is not assignable to type '{ params: { id: string; }; }'.
          Types of property 'params' are incompatible.
            Property 'id' is missing in type 'Promise<{ id: string; }>' but required in type '{ id: string; }'.
.next/types/validator.ts(1089,31): error TS2344: Type 'typeof import("/Users/md.rofazhasanrafiu/coding/digital_school/digital_school/app/api/verify/[qrHash]/route")' does not satisfy the constraint 'RouteHandlerConfig<"/api/verify/[qrHash]">'.
  Types of property 'GET' are incompatible.
    Type '(request: NextRequest, { params }: { params: { qrHash: string; }; }) => Promise<NextResponse<{ error: string; }> | NextResponse<{ valid: boolean; message: string; }>>' is not assignable to type '(request: NextRequest, context: { params: Promise<{ qrHash: string; }>; }) => void | Response | Promise<void | Response>'.
      Types of parameters '__1' and 'context' are incompatible.
        Type '{ params: Promise<{ qrHash: string; }>; }' is not assignable to type '{ params: { qrHash: string; }; }'.
          Types of property 'params' are incompatible.
            Property 'qrHash' is missing in type 'Promise<{ qrHash: string; }>' but required in type '{ qrHash: string; }'.
app/api/auth/signup/route.ts(156,59): error TS2352: Conversion of type 'Error' to type '{ errors: unknown[]; }' may be a mistake because neither type sufficiently overlaps with the other. If this was intentional, convert the expression to 'unknown' first.
  Property 'errors' is missing in type 'Error' but required in type '{ errors: unknown[]; }'.
app/api/auth/signup/route.ts(163,29): error TS2352: Conversion of type 'object & Record<"code", unknown>' to type '{ meta: { target: unknown[]; }; }' may be a mistake because neither type sufficiently overlaps with the other. If this was intentional, convert the expression to 'unknown' first.
  Property 'meta' is missing in type 'object & Record<"code", unknown>' but required in type '{ meta: { target: unknown[]; }; }'.
app/api/exams/evaluations/[id]/grade/route.ts(156,41): error TS2345: Argument of type '{}' is not assignable to parameter of type 'string'.
app/api/exams/evaluations/[id]/grade/route.ts(177,53): error TS2345: Argument of type '{}' is not assignable to parameter of type 'string'.
app/api/exams/evaluations/[id]/grade/route.ts(207,21): error TS18047: 'exam' is possibly 'null'.
app/api/exams/evaluations/[id]/grade/route.ts(207,48): error TS18047: 'exam' is possibly 'null'.
app/api/exams/evaluations/[id]/grade/route.ts(208,59): error TS18047: 'exam' is possibly 'null'.
app/api/exams/results/[id]/download-individual/route.ts(104,9): error TS18046: 'error' is of type 'unknown'.
app/api/exams/results/[id]/download-individual/route.ts(108,9): error TS18046: 'error' is of type 'unknown'.
app/api/exams/results/[id]/route.ts(365,69): error TS2339: Property 'status' does not exist on type '{ id: string; createdAt: Date; updatedAt: Date; studentId: string; examId: string; examSubmissionId: string | null; mcqMarks: number; cqMarks: number; sqMarks: number; total: number; ... 5 more ...; publishedAt: Date | null; }'.
app/api/exams/results/[id]/route.ts(504,52): error TS2339: Property 'status' does not exist on type '{ id: string; createdAt: Date; updatedAt: Date; studentId: string; examId: string; examSubmissionId: string | null; mcqMarks: number; cqMarks: number; sqMarks: number; total: number; ... 5 more ...; publishedAt: Date | null; }'.
app/api/exams/results/[id]/route.ts(505,97): error TS2339: Property 'suspensionReason' does not exist on type '{ id: string; createdAt: Date; updatedAt: Date; studentId: string; examId: string; examSubmissionId: string | null; mcqMarks: number; cqMarks: number; sqMarks: number; total: number; ... 5 more ...; publishedAt: Date | null; }'.
app/api/fee-structures/route.ts(3,10): error TS2305: Module '"@/lib/auth"' has no exported member 'authOptions'.
app/api/health/route.ts(7,58): error TS2339: Property 'healthCheck' does not exist on type 'PrismaClient<PrismaClientOptions, never, DefaultArgs>'.
app/api/health/route.ts(23,30): error TS7053: Element implicitly has an 'any' type because expression of type '"connectionCount"' can't be used to index type 'PrismaClient<PrismaClientOptions, never, DefaultArgs>'.
  Property 'connectionCount' does not exist on type 'PrismaClient<PrismaClientOptions, never, DefaultArgs>'.
app/api/invoices/route.ts(3,10): error TS2305: Module '"@/lib/auth"' has no exported member 'authOptions'.
app/api/payments/route.ts(3,10): error TS2305: Module '"@/lib/auth"' has no exported member 'authOptions'.
app/api/test-optimized/route.ts(8,56): error TS2339: Property 'executeWithConnection' does not exist on type 'PrismaClient<PrismaClientOptions, never, DefaultArgs>'.
app/api/test-optimized/route.ts(8,85): error TS7006: Parameter 'db' implicitly has an 'any' type.
app/exams/[id]/page.tsx(901,88): error TS2304: Cannot find name 'MathJax'.
app/exams/[id]/page.tsx(901,108): error TS2304: Cannot find name 'MathJax'.
app/exams/evaluations/[id]/page.tsx(1688,50): error TS2339: Property 'questionText' does not exist on type 'Question'.
app/exams/evaluations/[id]/page.tsx(1701,42): error TS2339: Property 'title' does not exist on type 'Exam'.
app/test/diagrams/page.tsx(161,33): error TS2322: Type '{ diagram: FBDDiagram; onLoad: () => void; onError: (err: any) => void; }' is not assignable to type 'IntrinsicAttributes & FBDRendererProps'.
  Property 'onLoad' does not exist on type 'IntrinsicAttributes & FBDRendererProps'.
app/test/diagrams/page.tsx(162,43): error TS7006: Parameter 'err' implicitly has an 'any' type.
components/ui/calendar.tsx(58,17): error TS2353: Object literal may only specify known properties, and 'IconLeft' does not exist in type 'Partial<CustomComponents>'.
lib/exam-utils.test.ts(3,1): error TS2582: Cannot find name 'describe'. Do you need to install type definitions for a test runner? Try `npm i --save-dev @types/jest` or `npm i --save-dev @types/mocha`.
lib/exam-utils.test.ts(4,3): error TS2582: Cannot find name 'describe'. Do you need to install type definitions for a test runner? Try `npm i --save-dev @types/jest` or `npm i --save-dev @types/mocha`.
lib/exam-utils.test.ts(5,5): error TS2582: Cannot find name 'it'. Do you need to install type definitions for a test runner? Try `npm i --save-dev @types/jest` or `npm i --save-dev @types/mocha`.
lib/exam-utils.test.ts(6,7): error TS2304: Cannot find name 'expect'.
lib/exam-utils.test.ts(7,7): error TS2304: Cannot find name 'expect'.
lib/exam-utils.test.ts(8,7): error TS2304: Cannot find name 'expect'.
lib/exam-utils.test.ts(11,5): error TS2582: Cannot find name 'it'. Do you need to install type definitions for a test runner? Try `npm i --save-dev @types/jest` or `npm i --save-dev @types/mocha`.
lib/exam-utils.test.ts(13,7): error TS2304: Cannot find name 'expect'.
lib/exam-utils.test.ts(16,7): error TS2304: Cannot find name 'expect'.
lib/exam-utils.test.ts(19,7): error TS2304: Cannot find name 'expect'.
lib/exam-utils.test.ts(22,5): error TS2582: Cannot find name 'it'. Do you need to install type definitions for a test runner? Try `npm i --save-dev @types/jest` or `npm i --save-dev @types/mocha`.
lib/exam-utils.test.ts(23,7): error TS2304: Cannot find name 'expect'.
lib/exam-utils.test.ts(24,7): error TS2304: Cannot find name 'expect'.
lib/exam-utils.test.ts(27,5): error TS2582: Cannot find name 'it'. Do you need to install type definitions for a test runner? Try `npm i --save-dev @types/jest` or `npm i --save-dev @types/mocha`.
lib/exam-utils.test.ts(29,7): error TS2304: Cannot find name 'expect'.
lib/exam-utils.test.ts(32,7): error TS2304: Cannot find name 'expect'.
lib/exam-utils.test.ts(36,3): error TS2582: Cannot find name 'describe'. Do you need to install type definitions for a test runner? Try `npm i --save-dev @types/jest` or `npm i --save-dev @types/mocha`.
lib/exam-utils.test.ts(37,5): error TS2582: Cannot find name 'it'. Do you need to install type definitions for a test runner? Try `npm i --save-dev @types/jest` or `npm i --save-dev @types/mocha`.
lib/exam-utils.test.ts(38,7): error TS2304: Cannot find name 'expect'.
lib/exam-utils.test.ts(39,7): error TS2304: Cannot find name 'expect'.
lib/exam-utils.test.ts(40,7): error TS2304: Cannot find name 'expect'.
lib/exam-utils.test.ts(43,5): error TS2582: Cannot find name 'it'. Do you need to install type definitions for a test runner? Try `npm i --save-dev @types/jest` or `npm i --save-dev @types/mocha`.
lib/exam-utils.test.ts(44,7): error TS2304: Cannot find name 'expect'.
lib/exam-utils.test.ts(45,7): error TS2304: Cannot find name 'expect'.
lib/exam-utils.test.ts(48,5): error TS2582: Cannot find name 'it'. Do you need to install type definitions for a test runner? Try `npm i --save-dev @types/jest` or `npm i --save-dev @types/mocha`.
lib/exam-utils.test.ts(49,7): error TS2304: Cannot find name 'expect'.
lib/exam-utils.test.ts(50,7): error TS2304: Cannot find name 'expect'.
lib/exam-utils.test.ts(51,7): error TS2304: Cannot find name 'expect'.
lib/exam-utils.test.ts(52,7): error TS2304: Cannot find name 'expect'.
lib/exam-utils.test.ts(56,3): error TS2582: Cannot find name 'describe'. Do you need to install type definitions for a test runner? Try `npm i --save-dev @types/jest` or `npm i --save-dev @types/mocha`.
lib/exam-utils.test.ts(57,5): error TS2582: Cannot find name 'it'. Do you need to install type definitions for a test runner? Try `npm i --save-dev @types/jest` or `npm i --save-dev @types/mocha`.
lib/exam-utils.test.ts(58,7): error TS2304: Cannot find name 'expect'.
lib/exam-utils.test.ts(59,7): error TS2304: Cannot find name 'expect'.
lib/file-polyfill.ts(28,40): error TS2322: Type 'Promise<ArrayBufferLike>' is not assignable to type 'Promise<ArrayBuffer>'.
  Type 'ArrayBufferLike' is not assignable to type 'ArrayBuffer'.
    Type 'SharedArrayBuffer' is missing the following properties from type 'ArrayBuffer': resizable, resize, detached, transfer, transferToFixedLength
lib/file-polyfill.ts(34,40): error TS2322: Type 'Promise<ArrayBuffer | SharedArrayBuffer>' is not assignable to type 'Promise<ArrayBuffer>'.
  Type 'ArrayBuffer | SharedArrayBuffer' is not assignable to type 'ArrayBuffer'.
    Type 'SharedArrayBuffer' is missing the following properties from type 'ArrayBuffer': resizable, resize, detached, transfer, transferToFixedLength
lib/file-polyfill.ts(38,40): error TS2322: Type 'Promise<ArrayBufferLike>' is not assignable to type 'Promise<ArrayBuffer>'.
  Type 'ArrayBufferLike' is not assignable to type 'ArrayBuffer'.
    Type 'SharedArrayBuffer' is missing the following properties from type 'ArrayBuffer': resizable, resize, detached, transfer, transferToFixedLength
lib/file-polyfill.ts(55,26): error TS2322: Type 'this' is not assignable to type 'string'.
  Type 'File' is not assignable to type 'string'.
lib/omr-processing.ts(137,9): error TS2683: 'this' implicitly has type 'any' because it does not have a type annotation.
lib/omr-processing.ts(138,9): error TS2683: 'this' implicitly has type 'any' because it does not have a type annotation.
lib/omr-processing.ts(139,9): error TS2683: 'this' implicitly has type 'any' because it does not have a type annotation.
lib/omr-processing.ts(140,9): error TS2683: 'this' implicitly has type 'any' because it does not have a type annotation.
lib/pdf-generator.ts(57,46): error TS2339: Property 'stem' does not exist on type '{ id: string; createdAt: Date; updatedAt: Date; usageCount: number; classId: string; type: QuestionType; createdById: string; subject: string; questionText: string; ... 18 more ...; questionLatex: string | null; }'.
lib/pdf-generator.ts(60,24): error TS2339: Property 'stem' does not exist on type '{ id: string; createdAt: Date; updatedAt: Date; usageCount: number; classId: string; type: QuestionType; createdById: string; subject: string; questionText: string; ... 18 more ...; questionLatex: string | null; }'.
lib/pdf-generator.ts(105,49): error TS2339: Property 'correctOption' does not exist on type '{ id: string; createdAt: Date; updatedAt: Date; usageCount: number; classId: string; type: QuestionType; createdById: string; subject: string; questionText: string; ... 18 more ...; questionLatex: string | null; }'.
lib/pdf-generator.ts(107,50): error TS2339: Property 'correctOption' does not exist on type '{ id: string; createdAt: Date; updatedAt: Date; usageCount: number; classId: string; type: QuestionType; createdById: string; subject: string; questionText: string; ... 18 more ...; questionLatex: string | null; }'.
lib/pdf-generator.ts(108,69): error TS2339: Property 'correctOption' does not exist on type '{ id: string; createdAt: Date; updatedAt: Date; usageCount: number; classId: string; type: QuestionType; createdById: string; subject: string; questionText: string; ... 18 more ...; questionLatex: string | null; }'.
lib/pdf-generator.ts(125,24): error TS2339: Property 'chapter' does not exist on type '{ id: string; createdAt: Date; updatedAt: Date; usageCount: number; classId: string; type: QuestionType; createdById: string; subject: string; questionText: string; ... 18 more ...; questionLatex: string | null; }'.
lib/pdf-generator.ts(125,88): error TS2339: Property 'chapter' does not exist on type '{ id: string; createdAt: Date; updatedAt: Date; usageCount: number; classId: string; type: QuestionType; createdById: string; subject: string; questionText: string; ... 18 more ...; questionLatex: string | null; }'.
scripts/cleanup-broken-images.ts(34,38): error TS2769: No overload matches this call.
  Overload 1 of 2, '(o: {}): string[]', gave the following error.
    Argument of type 'JsonValue' is not assignable to parameter of type '{}'.
      Type 'null' is not assignable to type '{}'.
  Overload 2 of 2, '(o: object): string[]', gave the following error.
    Argument of type 'JsonValue' is not assignable to parameter of type 'object'.
      Type 'null' is not assignable to type 'object'.
scripts/cleanup-broken-images.ts(38,35): error TS18047: 'answers' is possibly 'null'.
scripts/cleanup-broken-images.ts(38,35): error TS7053: Element implicitly has an 'any' type because expression of type 'string' can't be used to index type 'string | number | boolean | JsonObject | JsonArray'.
  No index signature with a parameter of type 'string' was found on type 'string | number | boolean | JsonObject | JsonArray'.
scripts/cleanup-broken-images.ts(43,32): error TS18047: 'answers' is possibly 'null'.
scripts/cleanup-broken-images.ts(43,32): error TS7053: Element implicitly has an 'any' type because expression of type 'string' can't be used to index type 'string | number | boolean | JsonObject | JsonArray'.
  No index signature with a parameter of type 'string' was found on type 'string | number | boolean | JsonObject | JsonArray'.
scripts/seed-test-data.ts(164,19): error TS7022: 'studentNum' implicitly has type 'any' because it does not have a type annotation and is referenced directly or indirectly in its own initializer.
scripts/seed-test-data.ts(165,19): error TS7022: 'email' implicitly has type 'any' because it does not have a type annotation and is referenced directly or indirectly in its own initializer.
scripts/seed-test-data.ts(168,17): error TS7022: 'user' implicitly has type 'any' because it does not have a type annotation and is referenced directly or indirectly in its own initializer.
scripts/seed-test-data.ts(181,23): error TS7022: 'studentProfile' implicitly has type 'any' because it does not have a type annotation and is referenced directly or indirectly in its own initializer.
utils/diagrams/smart-labels.ts(33,38): error TS2339: Property 'x' does not exist on type 'FBDForce'.
utils/diagrams/smart-labels.ts(33,50): error TS2339: Property 'y' does not exist on type 'FBDForce'.
utils/diagrams/smart-labels.ts(35,38): error TS2345: Argument of type 'string | undefined' is not assignable to parameter of type 'string'.
  Type 'undefined' is not assignable to type 'string'.
utils/diagrams/smart-labels.ts(40,38): error TS2339: Property 'x' does not exist on type 'FBDForce'.
utils/diagrams/smart-labels.ts(40,50): error TS2339: Property 'y' does not exist on type 'FBDForce'.
utils/diagrams/smart-labels.ts(42,38): error TS2345: Argument of type 'string | undefined' is not assignable to parameter of type 'string'.
  Type 'undefined' is not assignable to type 'string'.
utils/diagrams/smart-labels.ts(50,29): error TS2339: Property 'x' does not exist on type 'FBDForce'.
utils/diagrams/smart-labels.ts(50,52): error TS2339: Property 'y' does not exist on type 'FBDForce'.
utils/diagrams/smart-labels.ts(51,34): error TS2339: Property 'x' does not exist on type 'FBDForce'.
utils/diagrams/smart-labels.ts(51,46): error TS2339: Property 'y' does not exist on type 'FBDForce'.
utils/diagrams/svg-components/biology/components.ts(200,57): error TS7053: Element implicitly has an 'any' type because expression of type 'string' can't be used to index type '{ A: string; T: string; G: string; C: string; }'.
  No index signature with a parameter of type 'string' was found on type '{ A: string; T: string; G: string; C: string; }'.
utils/diagrams/svg-components/biology/components.ts(202,58): error TS7053: Element implicitly has an 'any' type because expression of type 'string' can't be used to index type '{ A: string; T: string; G: string; C: string; }'.
  No index signature with a parameter of type 'string' was found on type '{ A: string; T: string; G: string; C: string; }'.
utils/diagrams/svg-components/mechanics/motion.ts(13,14): error TS2304: Cannot find name 'MechanicsComponentOptions'.
utils/diagrams/svg-components/mechanics/motion.ts(77,43): error TS2304: Cannot find name 'MechanicsComponentOptions'.
utils/diagrams/svg-components/mechanics/motion.ts(137,47): error TS2304: Cannot find name 'MechanicsComponentOptions'.
utils/diagrams/svg-components/mechanics/motion.ts(198,14): error TS2304: Cannot find name 'MechanicsComponentOptions'.
