app/api/exams/results/[id]/download-individual/route.ts(104,9): error TS18046: 'error' is of type 'unknown'.
app/api/exams/results/[id]/download-individual/route.ts(108,9): error TS18046: 'error' is of type 'unknown'.
scripts/seed-test-data.ts(164,19): error TS7022: 'studentNum' implicitly has type 'any' because it does not have a type annotation and is referenced directly or indirectly in its own initializer.
scripts/seed-test-data.ts(165,19): error TS7022: 'email' implicitly has type 'any' because it does not have a type annotation and is referenced directly or indirectly in its own initializer.
scripts/seed-test-data.ts(168,17): error TS7022: 'user' implicitly has type 'any' because it does not have a type annotation and is referenced directly or indirectly in its own initializer.
scripts/seed-test-data.ts(181,23): error TS7022: 'studentProfile' implicitly has type 'any' because it does not have a type annotation and is referenced directly or indirectly in its own initializer.
