scripts/seed-test-data.ts(164,19): error TS7022: 'studentNum' implicitly has type 'any' because it does not have a type annotation and is referenced directly or indirectly in its own initializer.
scripts/seed-test-data.ts(165,19): error TS7022: 'email' implicitly has type 'any' because it does not have a type annotation and is referenced directly or indirectly in its own initializer.
scripts/seed-test-data.ts(168,17): error TS7022: 'user' implicitly has type 'any' because it does not have a type annotation and is referenced directly or indirectly in its own initializer.
scripts/seed-test-data.ts(181,23): error TS7022: 'studentProfile' implicitly has type 'any' because it does not have a type annotation and is referenced directly or indirectly in its own initializer.
